<?xml version="1.0" encoding="UTF-8"?>
<!-- Generated by org.testng.reporters.JUnitReportReporter -->
<testsuite skipped="0" hostname="Yuvan-HP-New" name="com.flipkart.testng.FlipkartTest" tests="28" failures="0" timestamp="2021-01-12T15:18:49 CET" time="48.017" errors="0">
  <testcase name="urlVerification" time="6.034" classname="com.flipkart.testng.FlipkartTest"/>
  <testcase name="urlVerification" time="3.334" classname="com.flipkart.testng.FlipkartTest"/>
  <testcase name="modalAlertButtonVerification" time="0.332" classname="com.flipkart.testng.FlipkartTest"/>
  <testcase name="modalAlertButtonVerification" time="0.075" classname="com.flipkart.testng.FlipkartTest"/>
  <testcase name="hoverMenuElectronicsMiVerification" time="5.631" classname="com.flipkart.testng.FlipkartTest"/>
  <testcase name="hoverMenuElectronicsMiVerification" time="1.818" classname="com.flipkart.testng.FlipkartTest"/>
  <testcase name="labelVerification" time="0.033" classname="com.flipkart.testng.FlipkartTest"/>
  <testcase name="labelVerification" time="0.056" classname="com.flipkart.testng.FlipkartTest"/>
  <testcase name="sliderVerification" time="1.493" classname="com.flipkart.testng.FlipkartTest"/>
  <testcase name="sliderVerification" time="1.579" classname="com.flipkart.testng.FlipkartTest"/>
  <testcase name="dropdownSelectionVerification" time="1.596" classname="com.flipkart.testng.FlipkartTest"/>
  <testcase name="dropdownSelectionVerification" time="1.137" classname="com.flipkart.testng.FlipkartTest"/>
  <testcase name="searchVerification" time="0.306" classname="com.flipkart.testng.FlipkartTest"/>
  <testcase name="searchVerification" time="0.093" classname="com.flipkart.testng.FlipkartTest"/>
  <testcase name="selectFirstElementVerification" time="0.595" classname="com.flipkart.testng.FlipkartTest"/>
  <testcase name="selectFirstElementVerification" time="0.122" classname="com.flipkart.testng.FlipkartTest"/>
  <testcase name="switchToNewWindowVerification" time="0.035" classname="com.flipkart.testng.FlipkartTest"/>
  <testcase name="switchToNewWindowVerification" time="0.295" classname="com.flipkart.testng.FlipkartTest"/>
  <testcase name="priceVerification" time="2.084" classname="com.flipkart.testng.FlipkartTest"/>
  <testcase name="priceVerification" time="1.146" classname="com.flipkart.testng.FlipkartTest"/>
  <testcase name="videoThumbnailVerification" time="10.110" classname="com.flipkart.testng.FlipkartTest"/>
  <testcase name="videoThumbnailVerification" time="1.192" classname="com.flipkart.testng.FlipkartTest"/>
  <testcase name="keyboardEventVerification" time="2.098" classname="com.flipkart.testng.FlipkartTest"/>
  <testcase name="keyboardEventVerification" time="3.231" classname="com.flipkart.testng.FlipkartTest"/>
  <testcase name="viewDetailsVerification" time="1.750" classname="com.flipkart.testng.FlipkartTest"/>
  <testcase name="viewDetailsVerification" time="1.342" classname="com.flipkart.testng.FlipkartTest"/>
  <testcase name="addToCartVerification" time="0.216" classname="com.flipkart.testng.FlipkartTest"/>
  <testcase name="addToCartVerification" time="0.284" classname="com.flipkart.testng.FlipkartTest"/>
</testsuite> <!-- com.flipkart.testng.FlipkartTest -->
